[debug] [2022-12-18T05:17:01.902Z] ----------------------------------------------------------------------
[debug] [2022-12-18T05:17:01.904Z] Command:       C:\Program Files\nodejs\node.exe C:\Users\Md Mairaz\AppData\Roaming\npm\node_modules\firebase-tools\lib\bin\firebase.js init
[debug] [2022-12-18T05:17:01.904Z] CLI Version:   11.2.0
[debug] [2022-12-18T05:17:01.904Z] Platform:      win32
[debug] [2022-12-18T05:17:01.905Z] Node Version:  v16.16.0
[debug] [2022-12-18T05:17:02.043Z] Time:          Sun Dec 18 2022 10:47:01 GMT+0530 (India Standard Time)
[debug] [2022-12-18T05:17:02.043Z] ----------------------------------------------------------------------
[debug] 
[debug] [2022-12-18T05:17:02.056Z] >>> [apiv2][query] GET https://firebase-public.firebaseio.com/cli.json [none]
[debug] [2022-12-18T05:17:02.077Z] > command requires scopes: ["email","openid","https://www.googleapis.com/auth/cloudplatformprojects.readonly","https://www.googleapis.com/auth/firebase","https://www.googleapis.com/auth/cloud-platform"]
[debug] [2022-12-18T05:17:02.077Z] > authorizing via signed-in user (merajmd457@gmail.com)
[info] 
     ######## #### ########  ######## ########     ###     ######  ########
     ##        ##  ##     ## ##       ##     ##  ##   ##  ##       ##
     ######    ##  ########  ######   ########  #########  ######  ######
     ##        ##  ##    ##  ##       ##     ## ##     ##       ## ##
     ##       #### ##     ## ######## ########  ##     ##  ######  ########

You're about to initialize a Firebase project in this directory:

  C:\Users\Md Mairaz\Angular\foodmine\frontend

[debug] [2022-12-18T05:17:02.910Z] <<< [apiv2][status] GET https://firebase-public.firebaseio.com/cli.json 200
[debug] [2022-12-18T05:17:02.913Z] <<< [apiv2][body] GET https://firebase-public.firebaseio.com/cli.json {"cloudBuildErrorAfter":1594252800000,"cloudBuildWarnAfter":1590019200000,"defaultNode10After":1594252800000,"minVersion":"3.0.5","node8DeploysDisabledAfter":1613390400000,"node8RuntimeDisabledAfter":1615809600000,"node8WarnAfter":1600128000000}
